<?xml version="1.0" encoding="UTF-8"?>
<!-- Generated by org.testng.reporters.JUnitXMLReporter -->
<testsuite ignored="7" hostname="ITLFZVYMC2" failures="9" tests="11" name="Smoke" time="6.029" errors="0" timestamp="2022-04-05T14:46:22 SAST">
  <testcase classname="com.mmframework.testcases.LoginPageTest" name="@BeforeMethod setup" time="4.054">
    <failure type="java.lang.NullPointerException" message="Cannot invoke &amp;quot;java.util.Properties.getProperty(String)&amp;quot; because &amp;quot;com.mmframework.base.BaseClass.prop&amp;quot; is null">
      <![CDATA[java.lang.NullPointerException: Cannot invoke "java.util.Properties.getProperty(String)" because "com.mmframework.base.BaseClass.prop" is null
at com.mmframework.base.BaseClass.launchApp(BaseClass.java:84)
at com.mmframework.testcases.LoginPageTest.setup(LoginPageTest.java:24)
at java.base/java.util.ArrayList.forEach(ArrayList.java:1511)
... Removed 31 stack frames]]>
    </failure>
  </testcase> <!-- @BeforeMethod setup -->
  <testcase classname="com.mmframework.testcases.LoginPageTest" name="@AfterMethod tearDown" time="0.0">
    <skipped/>
  </testcase> <!-- @AfterMethod tearDown -->
  <testcase classname="com.mmframework.testcases.LoginPageTest" name="@BeforeMethod setup" time="0.0">
    <skipped/>
  </testcase> <!-- @BeforeMethod setup -->
  <testcase classname="com.mmframework.testcases.LoginPageTest" name="@AfterMethod tearDown" time="0.0">
    <skipped/>
  </testcase> <!-- @AfterMethod tearDown -->
  <testcase classname="com.mmframework.testcases.PurchaseEndToEndTest" name="endToEndTest" time="0.974">
    <failure type="org.testng.internal.reflect.MethodMatcherException" message="
[public void com.mmframework.testcases.PurchaseEndToEndTest.endToEndTest() throws java.lang.Throwable] has no parameters defined but was found to be using a data provider (either explicitly specified or inherited from class level annotation).
Data provider mismatch
Method: endToEndTest([])
Arguments: [(java.lang.String) admin@xyz.com,(java.lang.String) admin@123]">
      <![CDATA[org.testng.internal.reflect.MethodMatcherException: 
[public void com.mmframework.testcases.PurchaseEndToEndTest.endToEndTest() throws java.lang.Throwable] has no parameters defined but was found to be using a data provider (either explicitly specified or inherited from class level annotation).
Data provider mismatch
Method: endToEndTest([])
Arguments: [(java.lang.String) admin@xyz.com,(java.lang.String) admin@123]
at java.base/java.util.ArrayList.forEach(ArrayList.java:1511)
... Removed 22 stack frames]]>
    </failure>
  </testcase> <!-- endToEndTest -->
  <testcase classname="com.mmframework.testcases.AccountCreationPageTest" name="verifyCreateAccountPageTest" time="0.12">
    <failure type="org.testng.internal.reflect.MethodMatcherException" message="
[public void com.mmframework.testcases.AccountCreationPageTest.verifyCreateAccountPageTest() throws java.lang.Throwable] has no parameters defined but was found to be using a data provider (either explicitly specified or inherited from class level annotation).
Data provider mismatch
Method: verifyCreateAccountPageTest([])
Arguments: [(java.lang.String) admin@xyz.com,(java.lang.String) admin@123]">
      <![CDATA[org.testng.internal.reflect.MethodMatcherException: 
[public void com.mmframework.testcases.AccountCreationPageTest.verifyCreateAccountPageTest() throws java.lang.Throwable] has no parameters defined but was found to be using a data provider (either explicitly specified or inherited from class level annotation).
Data provider mismatch
Method: verifyCreateAccountPageTest([])
Arguments: [(java.lang.String) admin@xyz.com,(java.lang.String) admin@123]
at java.base/java.util.ArrayList.forEach(ArrayList.java:1511)
... Removed 22 stack frames]]>
    </failure>
  </testcase> <!-- verifyCreateAccountPageTest -->
  <testcase classname="com.mmframework.testcases.LoginPageTest" name="LoginTest" time="0.0">
    <skipped/>
  </testcase> <!-- LoginTest -->
  <testcase classname="com.mmframework.testcases.LoginPageTest" name="LoginTest" time="0.0">
    <skipped/>
  </testcase> <!-- LoginTest -->
  <testcase classname="com.mmframework.testcases.HomePageTest" name="orderHistoryDetailsTest" time="0.082">
    <failure type="org.testng.internal.reflect.MethodMatcherException" message="
[public void com.mmframework.testcases.HomePageTest.orderHistoryDetailsTest() throws java.lang.Throwable] has no parameters defined but was found to be using a data provider (either explicitly specified or inherited from class level annotation).
Data provider mismatch
Method: orderHistoryDetailsTest([])
Arguments: [(java.lang.String) admin@xyz.com,(java.lang.String) admin@123]">
      <![CDATA[org.testng.internal.reflect.MethodMatcherException: 
[public void com.mmframework.testcases.HomePageTest.orderHistoryDetailsTest() throws java.lang.Throwable] has no parameters defined but was found to be using a data provider (either explicitly specified or inherited from class level annotation).
Data provider mismatch
Method: orderHistoryDetailsTest([])
Arguments: [(java.lang.String) admin@xyz.com,(java.lang.String) admin@123]
at java.base/java.util.ArrayList.forEach(ArrayList.java:1511)
... Removed 22 stack frames]]>
    </failure>
  </testcase> <!-- orderHistoryDetailsTest -->
  <testcase classname="com.mmframework.testcases.HomePageTest" name="wishListTest" time="0.092">
    <failure type="org.testng.internal.reflect.MethodMatcherException" message="
[public void com.mmframework.testcases.HomePageTest.wishListTest() throws java.lang.Throwable] has no parameters defined but was found to be using a data provider (either explicitly specified or inherited from class level annotation).
Data provider mismatch
Method: wishListTest([])
Arguments: [(java.lang.String) admin@xyz.com,(java.lang.String) admin@123]">
      <![CDATA[org.testng.internal.reflect.MethodMatcherException: 
[public void com.mmframework.testcases.HomePageTest.wishListTest() throws java.lang.Throwable] has no parameters defined but was found to be using a data provider (either explicitly specified or inherited from class level annotation).
Data provider mismatch
Method: wishListTest([])
Arguments: [(java.lang.String) admin@xyz.com,(java.lang.String) admin@123]
at java.base/java.util.ArrayList.forEach(ArrayList.java:1511)
... Removed 22 stack frames]]>
    </failure>
  </testcase> <!-- wishListTest -->
  <testcase classname="com.mmframework.testcases.SearchResultPageTest" name="productAvailabilityTest" time="0.076">
    <failure type="org.testng.internal.reflect.MethodMatcherException" message="
[public void com.mmframework.testcases.SearchResultPageTest.productAvailabilityTest() throws java.lang.Throwable] has no parameters defined but was found to be using a data provider (either explicitly specified or inherited from class level annotation).
Data provider mismatch
Method: productAvailabilityTest([])
Arguments: [(java.lang.String) admin@xyz.com,(java.lang.String) admin@123]">
      <![CDATA[org.testng.internal.reflect.MethodMatcherException: 
[public void com.mmframework.testcases.SearchResultPageTest.productAvailabilityTest() throws java.lang.Throwable] has no parameters defined but was found to be using a data provider (either explicitly specified or inherited from class level annotation).
Data provider mismatch
Method: productAvailabilityTest([])
Arguments: [(java.lang.String) admin@xyz.com,(java.lang.String) admin@123]
at java.base/java.util.ArrayList.forEach(ArrayList.java:1511)
... Removed 22 stack frames]]>
    </failure>
  </testcase> <!-- productAvailabilityTest -->
  <testcase classname="com.mmframework.testcases.OrderPageTest" name="verifyTotalPrice" time="0.076">
    <failure type="org.testng.internal.reflect.MethodMatcherException" message="
[public void com.mmframework.testcases.OrderPageTest.verifyTotalPrice() throws java.lang.Throwable] has no parameters defined but was found to be using a data provider (either explicitly specified or inherited from class level annotation).
Data provider mismatch
Method: verifyTotalPrice([])
Arguments: [(java.lang.String) admin@xyz.com,(java.lang.String) admin@123]">
      <![CDATA[org.testng.internal.reflect.MethodMatcherException: 
[public void com.mmframework.testcases.OrderPageTest.verifyTotalPrice() throws java.lang.Throwable] has no parameters defined but was found to be using a data provider (either explicitly specified or inherited from class level annotation).
Data provider mismatch
Method: verifyTotalPrice([])
Arguments: [(java.lang.String) admin@xyz.com,(java.lang.String) admin@123]
at java.base/java.util.ArrayList.forEach(ArrayList.java:1511)
... Removed 22 stack frames]]>
    </failure>
  </testcase> <!-- verifyTotalPrice -->
  <testcase classname="com.mmframework.testcases.IndexPageTest" name="verifyLogo" time="0.076">
    <failure type="org.testng.internal.reflect.MethodMatcherException" message="
[public void com.mmframework.testcases.IndexPageTest.verifyLogo() throws java.lang.Throwable] has no parameters defined but was found to be using a data provider (either explicitly specified or inherited from class level annotation).
Data provider mismatch
Method: verifyLogo([])
Arguments: [(java.lang.String) admin@xyz.com,(java.lang.String) admin@123]">
      <![CDATA[org.testng.internal.reflect.MethodMatcherException: 
[public void com.mmframework.testcases.IndexPageTest.verifyLogo() throws java.lang.Throwable] has no parameters defined but was found to be using a data provider (either explicitly specified or inherited from class level annotation).
Data provider mismatch
Method: verifyLogo([])
Arguments: [(java.lang.String) admin@xyz.com,(java.lang.String) admin@123]
at java.base/java.util.ArrayList.forEach(ArrayList.java:1511)
... Removed 22 stack frames]]>
    </failure>
  </testcase> <!-- verifyLogo -->
  <testcase classname="com.mmframework.testcases.IndexPageTest" name="verifyTitle" time="0.082">
    <failure type="org.testng.internal.reflect.MethodMatcherException" message="
[public void com.mmframework.testcases.IndexPageTest.verifyTitle()] has no parameters defined but was found to be using a data provider (either explicitly specified or inherited from class level annotation).
Data provider mismatch
Method: verifyTitle([])
Arguments: [(java.lang.String) admin@xyz.com,(java.lang.String) admin@123]">
      <![CDATA[org.testng.internal.reflect.MethodMatcherException: 
[public void com.mmframework.testcases.IndexPageTest.verifyTitle()] has no parameters defined but was found to be using a data provider (either explicitly specified or inherited from class level annotation).
Data provider mismatch
Method: verifyTitle([])
Arguments: [(java.lang.String) admin@xyz.com,(java.lang.String) admin@123]
at java.base/java.util.ArrayList.forEach(ArrayList.java:1511)
... Removed 22 stack frames]]>
    </failure>
  </testcase> <!-- verifyTitle -->
  <testcase classname="com.mmframework.testcases.AddToCartPageTest" name="addToCartTest" time="0.123">
    <failure type="org.testng.internal.reflect.MethodMatcherException" message="
[public void com.mmframework.testcases.AddToCartPageTest.addToCartTest() throws java.lang.Throwable] has no parameters defined but was found to be using a data provider (either explicitly specified or inherited from class level annotation).
Data provider mismatch
Method: addToCartTest([])
Arguments: [(java.lang.String) admin@xyz.com,(java.lang.String) admin@123]">
      <![CDATA[org.testng.internal.reflect.MethodMatcherException: 
[public void com.mmframework.testcases.AddToCartPageTest.addToCartTest() throws java.lang.Throwable] has no parameters defined but was found to be using a data provider (either explicitly specified or inherited from class level annotation).
Data provider mismatch
Method: addToCartTest([])
Arguments: [(java.lang.String) admin@xyz.com,(java.lang.String) admin@123]
at java.base/java.util.ArrayList.forEach(ArrayList.java:1511)
... Removed 22 stack frames]]>
    </failure>
  </testcase> <!-- addToCartTest -->
  <testcase classname="com.mmframework.base.BaseClass" name="@BeforeSuite beforeSuite" time="0.0">
    <ignored/>
  </testcase> <!-- @BeforeSuite beforeSuite -->
  <testcase classname="com.mmframework.base.BaseClass" name="@BeforeSuite beforeSuite" time="0.0">
    <ignored/>
  </testcase> <!-- @BeforeSuite beforeSuite -->
  <testcase classname="com.mmframework.base.BaseClass" name="@BeforeSuite beforeSuite" time="0.0">
    <ignored/>
  </testcase> <!-- @BeforeSuite beforeSuite -->
  <testcase classname="com.mmframework.base.BaseClass" name="@BeforeSuite beforeSuite" time="0.0">
    <ignored/>
  </testcase> <!-- @BeforeSuite beforeSuite -->
  <testcase classname="com.mmframework.base.BaseClass" name="@BeforeSuite beforeSuite" time="0.0">
    <ignored/>
  </testcase> <!-- @BeforeSuite beforeSuite -->
  <testcase classname="com.mmframework.base.BaseClass" name="@BeforeSuite beforeSuite" time="0.0">
    <ignored/>
  </testcase> <!-- @BeforeSuite beforeSuite -->
  <testcase classname="com.mmframework.base.BaseClass" name="@BeforeSuite beforeSuite" time="0.0">
    <ignored/>
  </testcase> <!-- @BeforeSuite beforeSuite -->
</testsuite> <!-- Smoke -->
