<?xml version="1.0" encoding="UTF-8"?>
<testng-results ignored="15" total="17" passed="2" failed="0" skipped="0">
  <reporter-output>
  </reporter-output>
  <suite started-at="2022-05-16T09:46:10 SAST" name="Suite" finished-at="2022-05-16T09:47:37 SAST" duration-ms="86950">
    <groups>
      <group name="Sanity">
        <method signature="AddToCartPageTest.addToCartTest()[pri:0, instance:com.mmframework.testcases.AddToCartPageTest@543295b0]" name="addToCartTest" class="com.mmframework.testcases.AddToCartPageTest"/>
      </group> <!-- Sanity -->
      <group name="Regression">
        <method signature="AddToCartPageTest.addToCartTest()[pri:0, instance:com.mmframework.testcases.AddToCartPageTest@543295b0]" name="addToCartTest" class="com.mmframework.testcases.AddToCartPageTest"/>
        <method signature="PurchaseEndToEndTest.endToEndTest()[pri:0, instance:com.mmframework.testcases.PurchaseEndToEndTest@3e27ba32]" name="endToEndTest" class="com.mmframework.testcases.PurchaseEndToEndTest"/>
      </group> <!-- Regression -->
    </groups>
    <test started-at="2022-05-16T09:46:10 SAST" name="Test_All" finished-at="2022-05-16T09:47:37 SAST" duration-ms="86950">
      <class name="com.mmframework.testcases.PurchaseEndToEndTest">
        <test-method is-config="true" signature="setup(java.lang.String)[pri:0, instance:com.mmframework.testcases.PurchaseEndToEndTest@3e27ba32]" started-at="2022-05-16T09:46:37 SAST" name="setup" finished-at="2022-05-16T09:46:48 SAST" duration-ms="11145" status="PASS">
          <params>
            <param index="0">
              <value>
                <![CDATA[Chrome]]>
              </value>
            </param>
          </params>
          <reporter-output>
          </reporter-output>
        </test-method> <!-- setup -->
        <test-method signature="endToEndTest()[pri:0, instance:com.mmframework.testcases.PurchaseEndToEndTest@3e27ba32]" started-at="2022-05-16T09:46:48 SAST" name="endToEndTest" finished-at="2022-05-16T09:47:36 SAST" duration-ms="48780" status="PASS">
          <reporter-output>
          </reporter-output>
        </test-method> <!-- endToEndTest -->
        <test-method is-config="true" signature="tearDown()[pri:0, instance:com.mmframework.testcases.PurchaseEndToEndTest@3e27ba32]" started-at="2022-05-16T09:47:36 SAST" name="tearDown" finished-at="2022-05-16T09:47:37 SAST" duration-ms="375" status="PASS">
          <reporter-output>
          </reporter-output>
        </test-method> <!-- tearDown -->
      </class> <!-- com.mmframework.testcases.PurchaseEndToEndTest -->
      <class name="com.mmframework.testcases.HomePageTest">
        <test-method is-config="true" signature="loadConfig()[pri:0, instance:com.mmframework.testcases.HomePageTest@173ed316]" started-at="2022-05-16T09:46:10 SAST" name="loadConfig" finished-at="2022-05-16T09:46:10 SAST" duration-ms="288" status="PASS">
          <reporter-output>
          </reporter-output>
        </test-method> <!-- loadConfig -->
      </class> <!-- com.mmframework.testcases.HomePageTest -->
      <class name="com.mmframework.testcases.AddToCartPageTest">
        <test-method is-config="true" signature="setup(java.lang.String)[pri:0, instance:com.mmframework.testcases.AddToCartPageTest@543295b0]" started-at="2022-05-16T09:46:10 SAST" name="setup" finished-at="2022-05-16T09:46:27 SAST" duration-ms="16522" status="PASS">
          <params>
            <param index="0">
              <value>
                <![CDATA[Chrome]]>
              </value>
            </param>
          </params>
          <reporter-output>
          </reporter-output>
        </test-method> <!-- setup -->
        <test-method signature="addToCartTest()[pri:0, instance:com.mmframework.testcases.AddToCartPageTest@543295b0]" started-at="2022-05-16T09:46:27 SAST" name="addToCartTest" finished-at="2022-05-16T09:46:36 SAST" duration-ms="9274" status="PASS">
          <reporter-output>
          </reporter-output>
        </test-method> <!-- addToCartTest -->
        <test-method is-config="true" signature="tearDown()[pri:0, instance:com.mmframework.testcases.AddToCartPageTest@543295b0]" started-at="2022-05-16T09:46:36 SAST" name="tearDown" finished-at="2022-05-16T09:46:37 SAST" duration-ms="510" status="PASS">
          <reporter-output>
          </reporter-output>
        </test-method> <!-- tearDown -->
      </class> <!-- com.mmframework.testcases.AddToCartPageTest -->
    </test> <!-- Test_All -->
  </suite> <!-- Suite -->
</testng-results>
